<?xml version="1.0" encoding="UTF-8"?>
<testng-results ignored="0" total="1" passed="1" failed="0" skipped="0">
  <reporter-output>
  </reporter-output>
  <suite started-at="2024-02-28T16:44:03 IST" name="Default suite" finished-at="2024-02-28T16:44:22 IST" duration-ms="19797">
    <groups>
    </groups>
    <test started-at="2024-02-28T16:44:03 IST" name="Default test" finished-at="2024-02-28T16:44:22 IST" duration-ms="19797">
      <class name="testcases.PurchaseProductsTC">
        <test-method is-config="true" signature="loadData()[pri:0, instance:testcases.PurchaseProductsTC@d5b810e]" started-at="2024-02-28T16:44:03 IST" name="loadData" finished-at="2024-02-28T16:44:03 IST" duration-ms="58" status="PASS">
          <reporter-output>
          </reporter-output>
        </test-method> <!-- loadData -->
        <test-method is-config="true" signature="setup()[pri:0, instance:testcases.PurchaseProductsTC@d5b810e]" started-at="2024-02-28T16:44:03 IST" name="setup" finished-at="2024-02-28T16:44:13 IST" duration-ms="10707" status="PASS">
          <reporter-output>
          </reporter-output>
        </test-method> <!-- setup -->
        <test-method signature="placeOrder()[pri:0, instance:testcases.PurchaseProductsTC@d5b810e]" started-at="2024-02-28T16:44:13 IST" name="placeOrder" finished-at="2024-02-28T16:44:22 IST" duration-ms="8605" status="PASS">
          <reporter-output>
          </reporter-output>
        </test-method> <!-- placeOrder -->
        <test-method is-config="true" signature="tearDownDriver()[pri:0, instance:testcases.PurchaseProductsTC@d5b810e]" started-at="2024-02-28T16:44:22 IST" name="tearDownDriver" finished-at="2024-02-28T16:44:22 IST" duration-ms="433" status="PASS">
          <reporter-output>
          </reporter-output>
        </test-method> <!-- tearDownDriver -->
      </class> <!-- testcases.PurchaseProductsTC -->
    </test> <!-- Default test -->
  </suite> <!-- Default suite -->
</testng-results>
